1 263
1 231
1 198
1 163
1 117
1 261
1 299
1 184
1 287
1 18
1 242
1 239
1 218
1 259
1 122
1 23
1 99
1 168
1 165
1 12
1 2
1 156
1 157
1 225
1 265
1 180
1 293
1 256
1 32
1 112
1 133
1 288
1 66
1 10
1 181
1 199
1 0
1 152
1 134
1 285
1 120
1 106
1 95
1 243
1 111
1 216
1 121
1 90
1 211
1 119
1 201
1 58
1 262
1 272
1 43
1 229
1 67
1 50
1 219
1 14
1 126
1 194
1 135
1 189
1 281
1 205
1 54
1 85
1 26
1 279
1 267
1 63
1 71
1 5
1 83
1 25
1 145
1 270
1 80
1 94
1 154
1 51
1 15
1 151
1 1
1 87
1 40
1 249
1 75
1 64
1 37
1 224
1 138
1 212
1 195
1 143
1 257
1 53
1 246
1 21
