3 3696 5027 6168
3 8640 7709 5517
3 6252 7188 2711
3 7463 1332 3430
3 9913 4475 7224
3 4839 7064 6159
3 7109 8213 2230
3 7399 6912 9503
3 88 8787 1697
3 9256 3697 4635
3 84 4536 4467
3 1757 6656 7804
3 1560 1227 9274
3 2920 7293 8892
3 303 2324 873
3 5018 5971 2975
3 4435 6662 6741
3 4377 1447 6053
3 5868 3333 8548
3 8292 1194 6455
3 4008 2296 3601
3 1543 9733 8978
3 1066 6529 9666
3 1900 1883 874
3 4094 7455 1421
3 9313 7711 6875
3 1335 8965 3461
3 2356 6794 3865
3 7270 9820 7768
3 7013 3049 4112
3 5440 3708 8203
3 7928 7140 3773
3 7965 8227 4233
3 6466 3655 7792
3 2949 7186 5189
3 3629 4877 4575
3 7005 3546 5049
3 5970 3245 8370
3 5299 2589 965
3 2519 7810 7779
3 9707 8029 6164
3 2135 9046 4935
3 1209 19 6206
3 6002 6654 4194
3 837 6189 9267
3 1992 1414 2957
3 3869 8783 9556
3 719 3527 3291
3 2432 6502 2511
3 568 9166 4184
3 9393 2603 1030
3 7956 4873 1588
3 1178 6139 4164
3 5335 8489 5480
3 2009 5227 5890
3 3253 1838 7347
3 2571 8149 8274
3 3580 8630 7927
3 6783 567 6756
3 1315 696 368
3 9504 477 200
3 677 7435 3989
3 3156 5218 4910
3 6403 1228 530
3 2695 666 5006
3 4078 6485 277
3 187 7864 9320
3 1515 1407 608
3 8310 3147 4255
3 5137 3918 5369
3 6670 8932 4833
3 6412 3249 457
3 7475 7687 1002
3 4525 4984 3910
3 8773 1384 2626
3 4309 9090 1142
3 8175 3276 7355
3 48 2297 5089
3 2581 1170 6804
3 6031 9405 9316
3 474 5615 7314
3 2465 2424 9627
3 9976 1637 4196
3 4379 658 1363
3 3607 1492 8574
3 5497 5727 9602
3 9847 3005 2642
3 8878 3409 7406
3 9752 3294 8328
3 2735 7028 1121
3 9084 6404 4661
3 7429 190 4624
3 7657 3236 3334
3 4090 3540 9282
3 3442 1784 5954
3 5693 6745 7546
3 672 1512 245
3 6822 2233 206
3 4494 9935 8832
3 549 2166 6669
3 9619 7114 481
3 1305 7612 5996
3 9563 7108 9965
3 6263 8557 9813
3 5192 2738 2681
3 3055 9649 6410
3 1097 789 3368
3 4601 8458 209
3 9003 8484 9469
3 2247 7156 6200
3 2015 1609 1524
3 4742 817 3779
3 700 1605 9255
3 423 1323 2401
3 8518 3197 5983
3 1273 8290 3362
3 8731 9402 4794
3 6689 6150 442
3 8890 8024 3092
3 9514 1438 8573
3 2720 7287 6208
3 7861 3257 493
3 3090 8711 6951
3 713 7993 2455
3 7936 6135 7638
3 6277 7198 3396
3 203 5991 8786
3 5934 9406 8462
3 6901 5387 6307
3 6815 3579 1995
3 7070 1113 1869
3 4679 3651 2147
3 5445 8302 7379
3 1105 3358 5295
3 2883 4583 3354
3 3817 8736 3947
3 9305 9864 3317
3 4059 7891 6192
3 1138 7948 697
3 5324 1406 9012
3 1867 5808 4109
3 4758 3596 8902
3 311 5213 5214
3 6381 7889 2118
3 2917 4387 9806
3 6706 7020 1564
3 7957 9347 3068
3 769 3311 5771
3 519 7398 8224
3 5717 3826 9845
3 4071 8262 4630
3 606 739 5636
3 8708 1803 3510
3 3549 4781 2198
3 7499 5858 2074
3 1776 1372 1959
3 3307 1773 9559
3 8477 3640 6296
3 6663 8425 1010
3 5235 2942 2657
3 5300 8158 7648
3 9409 5491 5748
3 8950 3990 4421
3 3167 4693 5540
3 563 7325 3188
3 9679 3575 9011
3 768 4208 1208
3 5860 7180 3129
3 8758 3148 1177
3 8670 6123 7248
3 6916 7320 7372
3 9888 6329 2495
3 6807 2641 1970
3 2316 2536 7975
3 2061 1860 4848
3 5086 1630 730
3 4058 9463 1955
3 4618 109 5554
3 7929 7129 2782
3 7561 1013 3821
3 7401 4428 2566
3 2384 5743 150
3 4855 7329 720
3 273 5948 2539
3 6831 2079 8440
3 9325 5237 3786
3 3444 9473 7631
3 5769 726 9543
3 9140 6849 3403
3 4948 2538 128
3 8703 8020 9636
3 117 9920 6765
3 7913 699 9078
3 6695 6658 6450
3 7040 9052 5307
3 3855 9985 8198
3 3371 5358 5425
3 8329 4260 3541
3 9675 7230 248
3 6198 9852 8309
3 9449 6199 2718
3 4307 8209 1267
3 375 1024 9385
3 1040 4706 9030
3 222 8055 409
3 1005 4885 364
3 9550 3608 1054
3 3555 4546 332
3 1135 2714 2690
3 3578 3758 8207
3 5424 4414 6202
3 4894 9452 9869
3 920 9128 5025
3 9799 7210 4815
3 2559 8459 4867
3 6541 7471 482
3 961 6884 3603
3 372 6110 4717
3 7952 2357 5205
3 3654 5875 5887
3 24 7704 5377
3 2869 6740 8784
3 8962 7512 6879
3 4637 2123 2780
3 4150 5113 4836
3 6115 3208 5535
3 3988 6493 4507
3 5885 1651 41
3 541 1874 825
3 4143 627 6003
3 6228 4959 4665
3 622 9996 9805
3 1833 1593 3991
3 6961 7553 1218
3 29 7116 8346
3 1664 2838 4502
3 55 6457 5282
3 9523 6558 8040
3 9216 1984 5541
3 9283 902 4154
3 4842 9137 5507
3 2576 2788 3017
3 4346 8586 3426
3 1888 8376 8382
3 734 8848 7637
3 3149 3951 4080
3 7119 3138 7249
3 4214 8435 4761
3 7862 4511 1804
3 157 2006 3381
3 2986 6747 9874
3 297 8739 1221
3 1978 5990 8351
3 3103 2748 8157
3 5341 2026 8835
3 2912 8021 6255
3 3281 2436 6536
3 5716 2899 9744
3 957 2512 3866
3 6724 4537 6327
3 445 864 9890
3 3693 5359 7373
3 2020 3196 502
3 8395 6877 5017
3 2008 6735 9631
3 8406 8699 7430
3 5598 5818 8254
3 3030 1090 5285
3 3471 5034 3830
3 7141 842 212
3 8102 2791 1527
3 8840 7575 9944
3 585 6752 4349
3 268 8104 6125
3 4495 4437 8588
3 1353 5572 2649
3 8342 7104 565
3 5406 1192 6265
3 5649 2736 3263
3 7640 9685 428
3 1528 9246 1313
3 583 400 4980
3 2941 945 7465
3 8204 1734 1276
3 3025 4648 47
3 1735 5393 5562
3 5304 9974 4863
3 4829 7451 6836
3 741 9544 4673
3 5381 6924 3557
3 9979 5744 3462
3 8559 7846 4299
3 6321 8323 1223
3 3743 3384 326
3 9581 3160 435
3 1269 8566 2904
3 6039 5112 6711
3 8520 2426 8410
3 3457 1973 5920
3 8728 2106 3512
3 4687 315 8448
3 3564 8449 3490
3 580 1635 5516
3 6649 7357 1640
3 61 4223 5757
3 4788 7082 6245
3 5161 7346 7666
3 6456 2928 9830
3 8179 5654 7255
3 6952 3170 8338
3 7877 5510 2973
3 7799 9768 6420
3 489 3029 9045
3 9207 9851 9286
3 8184 5332 168
3 8420 5487 7446
3 8675 328 5090
3 6424 3104 1200
3 5245 166 7574
3 6160 1689 9927
3 7468 5060 9144
3 1866 6851 6473
3 3692 1852 7086
3 8578 4352 4875
3 9121 9191 3073
3 1993 8629 8434
3 3239 5856 5829
3 9901 8073 8915
3 7911 9459 4720
3 9411 8792 533
3 1563 5746 9633
3 4882 271 7102
3 5902 2784 9815
3 7229 5721 9628
3 4066 9595 6360
3 6965 2963 975
3 610 3459 9487
3 7318 3329 839
3 2429 3202 718
3 6633 9691 9926
3 2278 9087 6547
3 2774 1100 1904
3 9020 2520 2399
3 2418 8426 2783
3 9291 8713 5120
3 9626 1625 1518
3 9187 9306 6942
3 8509 7319 4686
3 4586 3067 7580
3 4644 8774 4048
3 2327 6377 7876
3 4098 5500 284
3 7227 5698 3066
3 6694 2915 1908
3 219 4170 4153
3 2176 3849 655
3 1815 3424 6409
3 3008 7677 7236
3 5222 8277 1260
3 8271 8979 3833
3 9670 8715 5699
3 2944 3891 2717
3 6361 2422 1655
3 3321 4455 9640
3 3647 2742 199
3 8564 499 1830
3 7716 2293 7602
3 113 3572 9105
3 6913 4200 6718
3 6607 7428 4246
3 3168 7585 8536
3 2313 892 9586
3 1724 1674 4807
3 5402 1251 4207
3 6900 5710 498
3 2507 2523 2605
3 5343 6068 419
3 3667 8967 4225
3 554 8447 9696
3 7088 1530 7243
3 8587 1778 3200
3 6418 2143 3632
3 9698 6786 6338
3 8698 4084 3105
3 6780 1489 2881
3 6767 3024 1240
3 6044 6155 3083
3 4056 3976 3411
3 2531 9412 1206
3 3410 2335 318
3 5881 7117 1986
3 1879 3176 9382
3 8086 9495 5777
3 8189 5466 135
3 2828 6304 3717
3 1794 6004 9297
3 7849 9401 439
3 394 6239 7000
3 6269 513 8803
3 6843 661 4920
