1 9576
1 2227
1 7387
1 2763
1 2639
1 8480
1 6694
1 8926
1 5472
1 1052
1 9910
1 7186
1 7880
1 7293
1 7036
1 1119
1 6115
1 6926
1 5169
1 8898
1 3248
1 3001
1 3663
1 2457
1 9039
1 3949
1 4649
1 3736
1 7932
1 6089
1 6062
1 3830
1 8972
1 5323
1 4991
1 5221
1 1394
1 3050
1 5835
1 3299
1 1434
1 8729
1 508
1 5002
1 8290
1 2484
1 3417
1 366
1 5322
1 2369
1 5567
1 4372
1 9879
1 658
1 9290
1 7392
1 8519
1 8833
1 2796
1 9534
1 6065
1 4824
1 3285
1 1017
1 8941
1 5037
1 7370
1 7893
1 1998
1 3173
1 8887
1 1181
1 6003
1 8468
1 7009
1 9841
1 8076
1 9533
1 2216
1 2925
1 5189
1 2630
1 7580
1 7899
1 5016
1 4757
1 8189
1 1829
1 9966
1 2535
1 9492
1 123
1 5624
1 9128
1 6988
1 6096
1 4490
1 5564
1 2729
1 2804
1 6125
1 8814
1 8422
1 1910
1 1968
1 9337
1 6061
1 3853
1 5418
1 3430
1 3114
1 4105
1 4728
1 1782
1 9823
1 2372
1 3731
1 4911
1 7460
1 4211
1 1554
1 6518
1 1216
1 9159
1 9883
1 9639
1 8476
1 5224
1 1738
1 2182
1 1451
1 4410
1 7228
1 2444
1 7663
1 8366
1 8844
1 6746
1 7813
1 3098
1 6485
1 2144
1 6404
1 6619
1 7568
1 7992
1 9449
1 1986
1 534
1 5232
1 1295
1 7521
1 926
1 944
1 6239
1 6461
1 7065
1 5685
1 4551
1 8626
1 4849
1 4868
1 2730
1 3629
1 8319
1 6530
1 906
1 2670
1 524
1 9702
1 7310
1 9581
1 7233
1 6338
1 5292
1 1189
1 7236
1 6940
1 3397
1 7275
1 8479
1 1598
1 2382
1 2260
1 1097
1 2930
1 1857
1 5320
1 8250
1 3320
1 1664
1 6543
1 7857
1 1431
1 1092
1 1902
1 9043
1 8380
1 2515
1 5288
1 568
1 9865
1 8492
1 431
1 785
1 8710
1 8516
1 5423
1 8470
1 5175
1 6745
1 464
1 8616
1 8647
1 8460
1 7238
1 7278
1 9227
1 7682
1 8702
1 5275
1 3722
1 3835
1 8943
1 9880
1 624
1 107
1 1469
1 7896
1 3710
1 2975
1 4083
1 7476
1 1078
1 2530
1 3041
1 1819
1 5735
1 9751
1 7131
1 5676
1 3111
1 8330
1 2891
1 9794
1 2139
1 4533
1 9867
1 8497
1 8485
1 2258
1 6602
1 4544
1 1797
1 8222
1 2185
1 8302
1 7707
1 6486
1 2041
1 9741
1 9934
1 3891
1 4309
1 3174
1 8816
1 3029
1 5715
1 1106
1 6364
1 4875
1 1861
1 4743
1 5758
1 4149
1 3452
1 6845
1 5669
1 8454
1 8948
1 4941
1 4250
1 4817
1 4330
1 5867
1 7953
1 4647
1 350
1 2445
1 4615
1 8500
1 9225
1 8110
1 5939
1 4666
1 6192
1 7359
1 4073
1 8646
1 7718
1 4769
1 8673
1 5441
1 6141
1 4768
1 5243
1 308
1 7031
1 1397
1 1714
1 4559
1 8433
1 2546
1 1580
1 1661
1 3376
1 9090
1 5937
1 1464
1 6912
1 825
1 2659
1 2250
1 8584
1 5826
1 8720
1 1445
1 6510
1 7955
1 7128
1 7083
1 6211
1 4506
1 1935
1 5250
1 390
1 467
1 1877
1 8090
1 2810
1 3847
1 8526
1 3738
1 7757
1 9849
1 3950
1 653
1 9831
1 3236
1 6446
